2024-06-16 12:04:24 - Neovide panicked with the message 'Trying to retrieve a settings object that doesn't exist: {:?}'. (File: src/settings/mod.rs; Line: 98, Column: 14)
   0: __mh_execute_header
   1: __mh_execute_header
   2: __mh_execute_header
   3: __mh_execute_header
   4: __mh_execute_header
   5: __mh_execute_header
   6: __ZNSt3__116__variant_detail12__visitation6__base12__dispatcherIJLm1ELm1EEE10__dispatchB7v160006IOZNS0_6__ctorINS0_8__traitsIJ7SkPaintiEEEE19__generic_constructB7v160006IRKNS0_18__copy_constructorIS9_LNS0_6_TraitE1EEEEEvRSA_OT_EUlRSI_OT0_E_JRNS0_6__baseILSD_1EJS8_iEEERKSQ_EEEDcSI_DpT0_
   7: __mh_execute_header
   8: __ZNSt3__116__variant_detail12__visitation6__base12__dispatcherIJLm1ELm1EEE10__dispatchB7v160006IOZNS0_6__ctorINS0_8__traitsIJ7SkPaintiEEEE19__generic_constructB7v160006IRKNS0_18__copy_constructorIS9_LNS0_6_TraitE1EEEEEvRSA_OT_EUlRSI_OT0_E_JRNS0_6__baseILSD_1EJS8_iEEERKSQ_EEEDcSI_DpT0_
   9: __mh_execute_header
  10: __mh_execute_header
  11: __mh_execute_header
  12: __mh_execute_header
  13: __mh_execute_header
  14: __mh_execute_header
  15: __mh_execute_header
  16: <unknown>
  17: <unknown>
  18: <unknown>
  19: <unknown>
  20: <unknown>
  21: <unknown>
  22: <unknown>
  23: <unknown>
  24: <unknown>
  25: <unknown>
  26: <unknown>

2024-06-16 12:04:34 - Neovide panicked with the message 'Trying to retrieve a settings object that doesn't exist: {:?}'. (File: src/settings/mod.rs; Line: 98, Column: 14)
   0: __mh_execute_header
   1: __mh_execute_header
   2: __mh_execute_header
   3: __mh_execute_header
   4: __mh_execute_header
   5: __mh_execute_header
   6: __ZNSt3__116__variant_detail12__visitation6__base12__dispatcherIJLm1ELm1EEE10__dispatchB7v160006IOZNS0_6__ctorINS0_8__traitsIJ7SkPaintiEEEE19__generic_constructB7v160006IRKNS0_18__copy_constructorIS9_LNS0_6_TraitE1EEEEEvRSA_OT_EUlRSI_OT0_E_JRNS0_6__baseILSD_1EJS8_iEEERKSQ_EEEDcSI_DpT0_
   7: __mh_execute_header
   8: __ZNSt3__116__variant_detail12__visitation6__base12__dispatcherIJLm1ELm1EEE10__dispatchB7v160006IOZNS0_6__ctorINS0_8__traitsIJ7SkPaintiEEEE19__generic_constructB7v160006IRKNS0_18__copy_constructorIS9_LNS0_6_TraitE1EEEEEvRSA_OT_EUlRSI_OT0_E_JRNS0_6__baseILSD_1EJS8_iEEERKSQ_EEEDcSI_DpT0_
   9: __mh_execute_header
  10: __mh_execute_header
  11: __mh_execute_header
  12: __mh_execute_header
  13: __mh_execute_header
  14: __mh_execute_header
  15: __mh_execute_header
  16: <unknown>
  17: <unknown>
  18: <unknown>
  19: <unknown>
  20: <unknown>
  21: <unknown>
  22: <unknown>
  23: <unknown>
  24: <unknown>
  25: <unknown>
  26: <unknown>

