2024-06-16 13:50:26.586 neovide[49476:75615693] TSM AdjustCapsLockLEDForKeyTransitionHandling - _ISSetPhysicalKeyboardCapsLockLED Inhibit
2024-06-16 13:51:53.129 neovide[52846:75627282] TSM AdjustCapsLockLEDForKeyTransitionHandling - _ISSetPhysicalKeyboardCapsLockLED Inhibit
2024-06-16 13:52:44.877 neovide[54814:75632889] TSM AdjustCapsLockLEDForKeyTransitionHandling - _ISSetPhysicalKeyboardCapsLockLED Inhibit
2024-06-16 13:53:48.504 neovide[57262:75640778] TSM AdjustCapsLockLEDForKeyTransitionHandling - _ISSetPhysicalKeyboardCapsLockLED Inhibit
2024-06-16 13:54:30.296 neovide[58665:75645100] TSM AdjustCapsLockLEDForKeyTransitionHandling - _ISSetPhysicalKeyboardCapsLockLED Inhibit
2024-06-16 13:54:50.524 neovide[59399:75647696] TSM AdjustCapsLockLEDForKeyTransitionHandling - _ISSetPhysicalKeyboardCapsLockLED Inhibit
2024-06-16 13:55:34.308 neovide[60859:75652164] TSM AdjustCapsLockLEDForKeyTransitionHandling - _ISSetPhysicalKeyboardCapsLockLED Inhibit
2024-06-16 13:56:03.357 neovide[61892:75655638] TSM AdjustCapsLockLEDForKeyTransitionHandling - _ISSetPhysicalKeyboardCapsLockLED Inhibit
2024-06-16 13:57:14.393 neovide[62864:75658701] TSM AdjustCapsLockLEDForKeyTransitionHandling - _ISSetPhysicalKeyboardCapsLockLED Inhibit
2024-06-16 13:57:47.866 neovide[64885:75665948] TSM AdjustCapsLockLEDForKeyTransitionHandling - _ISSetPhysicalKeyboardCapsLockLED Inhibit
2024-06-16 14:02:58.465 neovide[75285:75699955] TSM AdjustCapsLockLEDForKeyTransitionHandling - _ISSetPhysicalKeyboardCapsLockLED Inhibit
2024-06-16 14:18:09.309 neovide[2385:75778526] TSM AdjustCapsLockLEDForKeyTransitionHandling - _ISSetPhysicalKeyboardCapsLockLED Inhibit
2024-06-16 14:19:05.393 neovide[3869:75782680] TSM AdjustCapsLockLEDForKeyTransitionHandling - _ISSetPhysicalKeyboardCapsLockLED Inhibit
2024-06-16 14:24:31.985 neovide[14150:75812810] TSM AdjustCapsLockLEDForKeyTransitionHandling - _ISSetPhysicalKeyboardCapsLockLED Inhibit
2024-06-16 14:26:26.098 neovide[17528:75822903] TSM AdjustCapsLockLEDForKeyTransitionHandling - _ISSetPhysicalKeyboardCapsLockLED Inhibit
2024-06-16 14:26:51.723 neovide[18720:75827164] TSM AdjustCapsLockLEDForKeyTransitionHandling - _ISSetPhysicalKeyboardCapsLockLED Inhibit
2024-06-16 14:27:53.864 neovide[20982:75833504] TSM AdjustCapsLockLEDForKeyTransitionHandling - _ISSetPhysicalKeyboardCapsLockLED Inhibit
2024-06-16 14:30:54.529 neovide[26272:75849563] TSM AdjustCapsLockLEDForKeyTransitionHandling - _ISSetPhysicalKeyboardCapsLockLED Inhibit
2024-06-16 14:32:49.681 neovide[29835:75860530] TSM AdjustCapsLockLEDForKeyTransitionHandling - _ISSetPhysicalKeyboardCapsLockLED Inhibit
2024-06-16 14:34:08.356 neovide[32321:75867761] TSM AdjustCapsLockLEDForKeyTransitionHandling - _ISSetPhysicalKeyboardCapsLockLED Inhibit
2024-06-16 14:35:10.053 neovide[34332:75873903] TSM AdjustCapsLockLEDForKeyTransitionHandling - _ISSetPhysicalKeyboardCapsLockLED Inhibit
2024-06-16 14:35:38.523 neovide[35420:75877240] TSM AdjustCapsLockLEDForKeyTransitionHandling - _ISSetPhysicalKeyboardCapsLockLED Inhibit
2024-06-16 14:37:49.248 neovide[39598:75889472] TSM AdjustCapsLockLEDForKeyTransitionHandling - _ISSetPhysicalKeyboardCapsLockLED Inhibit
2024-06-16 14:39:41.375 neovide[43091:75900385] TSM AdjustCapsLockLEDForKeyTransitionHandling - _ISSetPhysicalKeyboardCapsLockLED Inhibit
2024-06-16 14:41:47.274 neovide[46965:75912753] TSM AdjustCapsLockLEDForKeyTransitionHandling - _ISSetPhysicalKeyboardCapsLockLED Inhibit
2024-06-16 14:47:13.326 neovide[56592:75940558] TSM AdjustCapsLockLEDForKeyTransitionHandling - _ISSetPhysicalKeyboardCapsLockLED Inhibit
2024-06-16 14:47:28.670 neovide[57158:75942528] TSM AdjustCapsLockLEDForKeyTransitionHandling - _ISSetPhysicalKeyboardCapsLockLED Inhibit
2024-06-16 14:47:42.792 neovide[57895:75945000] TSM AdjustCapsLockLEDForKeyTransitionHandling - _ISSetPhysicalKeyboardCapsLockLED Inhibit
2024-06-16 14:50:02.115 neovide[62084:75957047] TSM AdjustCapsLockLEDForKeyTransitionHandling - _ISSetPhysicalKeyboardCapsLockLED Inhibit
2024-06-16 14:51:11.914 neovide[64306:75963508] TSM AdjustCapsLockLEDForKeyTransitionHandling - _ISSetPhysicalKeyboardCapsLockLED Inhibit
2024-06-16 14:51:43.064 neovide[65448:75967230] TSM AdjustCapsLockLEDForKeyTransitionHandling - _ISSetPhysicalKeyboardCapsLockLED Inhibit
2024-06-16 14:52:26.865 neovide[67005:75971919] TSM AdjustCapsLockLEDForKeyTransitionHandling - _ISSetPhysicalKeyboardCapsLockLED Inhibit
2024-06-16 14:55:05.456 neovide[71787:75986076] TSM AdjustCapsLockLEDForKeyTransitionHandling - _ISSetPhysicalKeyboardCapsLockLED Inhibit
2024-06-16 14:57:24.078 neovide[75969:75998930] TSM AdjustCapsLockLEDForKeyTransitionHandling - _ISSetPhysicalKeyboardCapsLockLED Inhibit
2024-06-16 14:59:34.274 neovide[80245:76011586] TSM AdjustCapsLockLEDForKeyTransitionHandling - _ISSetPhysicalKeyboardCapsLockLED Inhibit
2024-06-16 15:00:46.606 neovide[82527:76018360] TSM AdjustCapsLockLEDForKeyTransitionHandling - _ISSetPhysicalKeyboardCapsLockLED Inhibit
2024-06-16 15:01:10.002 neovide[83273:76020502] TSM AdjustCapsLockLEDForKeyTransitionHandling - _ISSetPhysicalKeyboardCapsLockLED Inhibit
2024-06-16 15:03:03.609 neovide[86783:76031495] TSM AdjustCapsLockLEDForKeyTransitionHandling - _ISSetPhysicalKeyboardCapsLockLED Inhibit
Neovide panicked with the message 'Trying to retrieve a settings object that doesn't exist: {:?}'. (File: src/settings/mod.rs; Line: 98, Column: 14)
This is a bug and we would love for it to be reported to https://github.com/neovide/neovide/issues

Backtrace saved to neovide_backtraces.log!
libc++abi: terminating due to uncaught foreign exception
Neovide panicked with the message 'Trying to retrieve a settings object that doesn't exist: {:?}'. (File: src/settings/mod.rs; Line: 98, Column: 14)
This is a bug and we would love for it to be reported to https://github.com/neovide/neovide/issues

Backtrace saved to neovide_backtraces.log!
libc++abi: terminating due to uncaught foreign exception
2024-06-16 15:09:50.193 neovide[99517:76069014] TSM AdjustCapsLockLEDForKeyTransitionHandling - _ISSetPhysicalKeyboardCapsLockLED Inhibit
2024-06-16 15:12:55.744 neovide[5452:76085795] TSM AdjustCapsLockLEDForKeyTransitionHandling - _ISSetPhysicalKeyboardCapsLockLED Inhibit
